{"C:\\Users\\rohan\\api-server\\backend\\app.js": {"path":"C:\\Users\\rohan\\api-server\\backend\\app.js","statementMap":{"0":{"start":{"line":1,"column":16},"end":{"line":1,"column":34}},"1":{"start":{"line":2,"column":15},"end":{"line":2,"column":32}},"2":{"start":{"line":3,"column":13},"end":{"line":3,"column":28}},"3":{"start":{"line":4,"column":19},"end":{"line":4,"column":49}},"4":{"start":{"line":6,"column":0},"end":{"line":6,"column":16}},"5":{"start":{"line":7,"column":12},"end":{"line":7,"column":21}},"6":{"start":{"line":9,"column":0},"end":{"line":9,"column":16}},"7":{"start":{"line":10,"column":0},"end":{"line":10,"column":24}},"8":{"start":{"line":11,"column":0},"end":{"line":11,"column":34}},"9":{"start":{"line":13,"column":13},"end":{"line":13,"column":37}},"10":{"start":{"line":14,"column":0},"end":{"line":16,"column":3}},"11":{"start":{"line":15,"column":2},"end":{"line":15,"column":51}},"12":{"start":{"line":17,"column":18},"end":{"line":17,"column":47}},"13":{"start":{"line":18,"column":21},"end":{"line":18,"column":45}},"14":{"start":{"line":20,"column":23},"end":{"line":31,"column":1}},"15":{"start":{"line":33,"column":20},"end":{"line":33,"column":48}},"16":{"start":{"line":34,"column":0},"end":{"line":34,"column":68}}},"fnMap":{"0":{"name":"(anonymous_0)","decl":{"start":{"line":14,"column":17},"end":{"line":14,"column":18}},"loc":{"start":{"line":14,"column":23},"end":{"line":16,"column":1}},"line":14}},"branchMap":{"0":{"loc":{"start":{"line":13,"column":13},"end":{"line":13,"column":37}},"type":"binary-expr","locations":[{"start":{"line":13,"column":13},"end":{"line":13,"column":29}},{"start":{"line":13,"column":33},"end":{"line":13,"column":37}}],"line":13}},"s":{"0":1,"1":1,"2":1,"3":1,"4":1,"5":1,"6":1,"7":1,"8":1,"9":1,"10":1,"11":0,"12":1,"13":1,"14":1,"15":1,"16":1},"f":{"0":0},"b":{"0":[1,1]},"_coverageSchema":"1a1c01bbd47fc00a2c39e90264f33305004495a9","hash":"c6907ee43daafb4d58e215a69ace3de2f5acec6a"}
,"C:\\Users\\rohan\\api-server\\backend\\db.js": {"path":"C:\\Users\\rohan\\api-server\\backend\\db.js","statementMap":{"0":{"start":{"line":1,"column":14},"end":{"line":1,"column":31}},"1":{"start":{"line":2,"column":15},"end":{"line":2,"column":32}},"2":{"start":{"line":3,"column":0},"end":{"line":3,"column":16}},"3":{"start":{"line":5,"column":13},"end":{"line":10,"column":2}},"4":{"start":{"line":12,"column":0},"end":{"line":12,"column":32}}},"fnMap":{},"branchMap":{},"s":{"0":1,"1":1,"2":1,"3":1,"4":1},"f":{},"b":{},"_coverageSchema":"1a1c01bbd47fc00a2c39e90264f33305004495a9","hash":"a2247aaf4d9a9ffb1d4cff69c7343f920fca70cc"}
,"C:\\Users\\rohan\\api-server\\backend\\controllers\\taskControllers.js": {"path":"C:\\Users\\rohan\\api-server\\backend\\controllers\\taskControllers.js","statementMap":{"0":{"start":{"line":1,"column":11},"end":{"line":1,"column":27}},"1":{"start":{"line":6,"column":17},"end":{"line":11,"column":1}},"2":{"start":{"line":7,"column":2},"end":{"line":10,"column":5}},"3":{"start":{"line":13,"column":19},"end":{"line":15,"column":1}},"4":{"start":{"line":14,"column":2},"end":{"line":14,"column":57}},"5":{"start":{"line":17,"column":19},"end":{"line":19,"column":1}},"6":{"start":{"line":18,"column":2},"end":{"line":18,"column":57}},"7":{"start":{"line":21,"column":19},"end":{"line":23,"column":1}},"8":{"start":{"line":22,"column":2},"end":{"line":22,"column":57}},"9":{"start":{"line":25,"column":0},"end":{"line":30,"column":2}}},"fnMap":{"0":{"name":"(anonymous_0)","decl":{"start":{"line":6,"column":17},"end":{"line":6,"column":18}},"loc":{"start":{"line":6,"column":37},"end":{"line":11,"column":1}},"line":6},"1":{"name":"(anonymous_1)","decl":{"start":{"line":13,"column":19},"end":{"line":13,"column":20}},"loc":{"start":{"line":13,"column":39},"end":{"line":15,"column":1}},"line":13},"2":{"name":"(anonymous_2)","decl":{"start":{"line":17,"column":19},"end":{"line":17,"column":20}},"loc":{"start":{"line":17,"column":39},"end":{"line":19,"column":1}},"line":17},"3":{"name":"(anonymous_3)","decl":{"start":{"line":21,"column":19},"end":{"line":21,"column":20}},"loc":{"start":{"line":21,"column":39},"end":{"line":23,"column":1}},"line":21}},"branchMap":{},"s":{"0":1,"1":1,"2":0,"3":1,"4":0,"5":1,"6":0,"7":1,"8":0,"9":1},"f":{"0":0,"1":0,"2":0,"3":0},"b":{},"_coverageSchema":"1a1c01bbd47fc00a2c39e90264f33305004495a9","hash":"489dd15e436eb2a5ab4f1635ccab3ecf5f3e9b04"}
,"C:\\Users\\rohan\\api-server\\backend\\models\\taskModel.js": {"path":"C:\\Users\\rohan\\api-server\\backend\\models\\taskModel.js","statementMap":{"0":{"start":{"line":1,"column":11},"end":{"line":1,"column":27}},"1":{"start":{"line":4,"column":20},"end":{"line":12,"column":1}},"2":{"start":{"line":5,"column":2},"end":{"line":11,"column":3}},"3":{"start":{"line":6,"column":19},"end":{"line":6,"column":56}},"4":{"start":{"line":7,"column":4},"end":{"line":7,"column":16}},"5":{"start":{"line":9,"column":4},"end":{"line":9,"column":49}},"6":{"start":{"line":10,"column":4},"end":{"line":10,"column":14}},"7":{"start":{"line":15,"column":19},"end":{"line":21,"column":1}},"8":{"start":{"line":16,"column":19},"end":{"line":19,"column":3}},"9":{"start":{"line":20,"column":2},"end":{"line":20,"column":53}},"10":{"start":{"line":23,"column":19},"end":{"line":28,"column":1}},"11":{"start":{"line":24,"column":2},"end":{"line":27,"column":4}},"12":{"start":{"line":30,"column":19},"end":{"line":32,"column":1}},"13":{"start":{"line":31,"column":2},"end":{"line":31,"column":57}},"14":{"start":{"line":34,"column":0},"end":{"line":39,"column":2}}},"fnMap":{"0":{"name":"(anonymous_0)","decl":{"start":{"line":4,"column":20},"end":{"line":4,"column":21}},"loc":{"start":{"line":4,"column":32},"end":{"line":12,"column":1}},"line":4},"1":{"name":"(anonymous_1)","decl":{"start":{"line":15,"column":19},"end":{"line":15,"column":20}},"loc":{"start":{"line":15,"column":49},"end":{"line":21,"column":1}},"line":15},"2":{"name":"(anonymous_2)","decl":{"start":{"line":23,"column":19},"end":{"line":23,"column":20}},"loc":{"start":{"line":23,"column":53},"end":{"line":28,"column":1}},"line":23},"3":{"name":"(anonymous_3)","decl":{"start":{"line":30,"column":19},"end":{"line":30,"column":20}},"loc":{"start":{"line":30,"column":33},"end":{"line":32,"column":1}},"line":30}},"branchMap":{},"s":{"0":1,"1":1,"2":0,"3":0,"4":0,"5":0,"6":0,"7":1,"8":0,"9":0,"10":1,"11":0,"12":1,"13":0,"14":1},"f":{"0":0,"1":0,"2":0,"3":0},"b":{},"_coverageSchema":"1a1c01bbd47fc00a2c39e90264f33305004495a9","hash":"afc6ce2c24560749b8493de954a24d340ab90688"}
,"C:\\Users\\rohan\\api-server\\backend\\routes\\taskRoutes.js": {"path":"C:\\Users\\rohan\\api-server\\backend\\routes\\taskRoutes.js","statementMap":{"0":{"start":{"line":1,"column":16},"end":{"line":1,"column":34}},"1":{"start":{"line":2,"column":15},"end":{"line":2,"column":31}},"2":{"start":{"line":8,"column":4},"end":{"line":8,"column":45}},"3":{"start":{"line":10,"column":18},"end":{"line":10,"column":48}},"4":{"start":{"line":12,"column":0},"end":{"line":19,"column":3}},"5":{"start":{"line":13,"column":2},"end":{"line":18,"column":3}},"6":{"start":{"line":14,"column":18},"end":{"line":14,"column":47}},"7":{"start":{"line":15,"column":4},"end":{"line":15,"column":20}},"8":{"start":{"line":17,"column":4},"end":{"line":17,"column":61}},"9":{"start":{"line":21,"column":0},"end":{"line":29,"column":3}},"10":{"start":{"line":22,"column":33},"end":{"line":22,"column":41}},"11":{"start":{"line":23,"column":2},"end":{"line":28,"column":3}},"12":{"start":{"line":24,"column":20},"end":{"line":24,"column":66}},"13":{"start":{"line":25,"column":4},"end":{"line":25,"column":34}},"14":{"start":{"line":27,"column":4},"end":{"line":27,"column":61}},"15":{"start":{"line":31,"column":0},"end":{"line":39,"column":3}},"16":{"start":{"line":32,"column":33},"end":{"line":32,"column":41}},"17":{"start":{"line":33,"column":2},"end":{"line":38,"column":3}},"18":{"start":{"line":34,"column":4},"end":{"line":34,"column":66}},"19":{"start":{"line":35,"column":4},"end":{"line":35,"column":42}},"20":{"start":{"line":37,"column":4},"end":{"line":37,"column":61}},"21":{"start":{"line":41,"column":0},"end":{"line":48,"column":3}},"22":{"start":{"line":42,"column":2},"end":{"line":47,"column":3}},"23":{"start":{"line":43,"column":4},"end":{"line":43,"column":46}},"24":{"start":{"line":44,"column":4},"end":{"line":44,"column":42}},"25":{"start":{"line":46,"column":4},"end":{"line":46,"column":61}},"26":{"start":{"line":50,"column":0},"end":{"line":50,"column":24}},"27":{"start":{"line":61,"column":0},"end":{"line":61,"column":26}},"28":{"start":{"line":83,"column":0},"end":{"line":83,"column":29}}},"fnMap":{"0":{"name":"(anonymous_0)","decl":{"start":{"line":12,"column":16},"end":{"line":12,"column":17}},"loc":{"start":{"line":12,"column":36},"end":{"line":19,"column":1}},"line":12},"1":{"name":"(anonymous_1)","decl":{"start":{"line":21,"column":17},"end":{"line":21,"column":18}},"loc":{"start":{"line":21,"column":37},"end":{"line":29,"column":1}},"line":21},"2":{"name":"(anonymous_2)","decl":{"start":{"line":31,"column":19},"end":{"line":31,"column":20}},"loc":{"start":{"line":31,"column":39},"end":{"line":39,"column":1}},"line":31},"3":{"name":"(anonymous_3)","decl":{"start":{"line":41,"column":22},"end":{"line":41,"column":23}},"loc":{"start":{"line":41,"column":42},"end":{"line":48,"column":1}},"line":41}},"branchMap":{},"s":{"0":1,"1":1,"2":1,"3":1,"4":1,"5":0,"6":0,"7":0,"8":0,"9":1,"10":0,"11":0,"12":0,"13":0,"14":0,"15":1,"16":0,"17":0,"18":0,"19":0,"20":0,"21":1,"22":0,"23":0,"24":0,"25":0,"26":1,"27":1,"28":1},"f":{"0":0,"1":0,"2":0,"3":0},"b":{},"_coverageSchema":"1a1c01bbd47fc00a2c39e90264f33305004495a9","hash":"b177d603ce6f7982639d9713516d632ec2e6de8a"}
}
