TN:
SF:app.js
FN:14,(anonymous_0)
FNF:1
FNH:0
FNDA:0,(anonymous_0)
DA:1,1
DA:2,1
DA:3,1
DA:4,1
DA:6,1
DA:7,1
DA:9,1
DA:10,1
DA:11,1
DA:13,1
DA:14,1
DA:15,0
DA:17,1
DA:18,1
DA:20,1
DA:33,1
DA:34,1
LF:17
LH:16
BRDA:13,0,0,1
BRDA:13,0,1,1
BRF:2
BRH:2
end_of_record
TN:
SF:db.js
FNF:0
FNH:0
DA:1,1
DA:2,1
DA:3,1
DA:5,1
DA:12,1
LF:5
LH:5
BRF:0
BRH:0
end_of_record
TN:
SF:controllers\taskControllers.js
FN:6,(anonymous_0)
FN:13,(anonymous_1)
FN:17,(anonymous_2)
FN:21,(anonymous_3)
FNF:4
FNH:0
FNDA:0,(anonymous_0)
FNDA:0,(anonymous_1)
FNDA:0,(anonymous_2)
FNDA:0,(anonymous_3)
DA:1,1
DA:6,1
DA:7,0
DA:13,1
DA:14,0
DA:17,1
DA:18,0
DA:21,1
DA:22,0
DA:25,1
LF:10
LH:6
BRF:0
BRH:0
end_of_record
TN:
SF:models\taskModel.js
FN:4,(anonymous_0)
FN:15,(anonymous_1)
FN:23,(anonymous_2)
FN:30,(anonymous_3)
FNF:4
FNH:0
FNDA:0,(anonymous_0)
FNDA:0,(anonymous_1)
FNDA:0,(anonymous_2)
FNDA:0,(anonymous_3)
DA:1,1
DA:4,1
DA:5,0
DA:6,0
DA:7,0
DA:9,0
DA:10,0
DA:15,1
DA:16,0
DA:20,0
DA:23,1
DA:24,0
DA:30,1
DA:31,0
DA:34,1
LF:15
LH:6
BRF:0
BRH:0
end_of_record
TN:
SF:routes\taskRoutes.js
FN:12,(anonymous_0)
FN:21,(anonymous_1)
FN:31,(anonymous_2)
FN:41,(anonymous_3)
FNF:4
FNH:0
FNDA:0,(anonymous_0)
FNDA:0,(anonymous_1)
FNDA:0,(anonymous_2)
FNDA:0,(anonymous_3)
DA:1,1
DA:2,1
DA:8,1
DA:10,1
DA:12,1
DA:13,0
DA:14,0
DA:15,0
DA:17,0
DA:21,1
DA:22,0
DA:23,0
DA:24,0
DA:25,0
DA:27,0
DA:31,1
DA:32,0
DA:33,0
DA:34,0
DA:35,0
DA:37,0
DA:41,1
DA:42,0
DA:43,0
DA:44,0
DA:46,0
DA:50,1
DA:61,1
DA:83,1
LF:29
LH:11
BRF:0
BRH:0
end_of_record
